<?xml version="1.0" encoding="UTF-8"?>
<!-- Generated by org.testng.reporters.JUnitReportReporter -->
<testsuite hostname="DESKTOP-7STGH0Q" failures="0" tests="4" name="com.DDF.JpetStoreDemo.Test.JpetDemoTest" time="16.833" errors="0" timestamp="2024-04-14T21:08:01 IST" skipped="0">
  <testcase classname="com.DDF.JpetStoreDemo.Test.JpetDemoTest" name="fillAcform" time="4.979"/>
  <system-out/>
  <testcase classname="com.DDF.JpetStoreDemo.Test.JpetDemoTest" name="loginAccount" time="2.307"/>
  <system-out/>
  <testcase classname="com.DDF.JpetStoreDemo.Test.JpetDemoTest" name="addTocart" time="3.116"/>
  <system-out/>
  <testcase classname="com.DDF.JpetStoreDemo.Test.JpetDemoTest" name="ConfirmMyOrder" time="6.431"/>
  <system-out/>
</testsuite> <!-- com.DDF.JpetStoreDemo.Test.JpetDemoTest -->
